[ 2016-11-11T09:19:02+08:00 ] 127.0.0.1 /zyjbook/index.php?s=/user/login
INFO: [ app_init ] --START--
INFO: Run Behavior\BuildLiteBehavior [ RunTime:0.000000s ]
INFO: [ app_init ] --END-- [ RunTime:0.012000s ]
ERR: 无法加载模块:User

[ 2016-11-11T09:19:36+08:00 ] 127.0.0.1 /zyjbook/index.php?s=/user/register
INFO: [ app_init ] --START--
INFO: Run Behavior\BuildLiteBehavior [ RunTime:0.000000s ]
INFO: [ app_init ] --END-- [ RunTime:0.001000s ]
ERR: 无法加载模块:User

[ 2016-11-11T09:20:41+08:00 ] 127.0.0.1 /zyjbook/index.php?s=/user/register
INFO: [ app_init ] --START--
INFO: Run Behavior\BuildLiteBehavior [ RunTime:0.000000s ]
INFO: [ app_init ] --END-- [ RunTime:0.001000s ]
ERR: 无法加载模块:User

[ 2016-11-11T09:20:43+08:00 ] 127.0.0.1 /zyjbook/index.php?s=/user/register
INFO: [ app_init ] --START--
INFO: Run Behavior\BuildLiteBehavior [ RunTime:0.000000s ]
INFO: [ app_init ] --END-- [ RunTime:0.001000s ]
ERR: 无法加载模块:User

[ 2016-11-11T09:20:44+08:00 ] 127.0.0.1 /zyjbook/index.php?s=/user/register
INFO: [ app_init ] --START--
INFO: Run Behavior\BuildLiteBehavior [ RunTime:0.000000s ]
INFO: [ app_init ] --END-- [ RunTime:0.001000s ]
ERR: 无法加载模块:User

[ 2016-11-11T09:20:44+08:00 ] 127.0.0.1 /zyjbook/index.php?s=/user/register
INFO: [ app_init ] --START--
INFO: Run Behavior\BuildLiteBehavior [ RunTime:0.000000s ]
INFO: [ app_init ] --END-- [ RunTime:0.001000s ]
ERR: 无法加载模块:User

[ 2016-11-11T09:22:36+08:00 ] 127.0.0.1 /zyjbook/index.php?s=/view/register
INFO: [ app_init ] --START--
INFO: Run Behavior\BuildLiteBehavior [ RunTime:0.000000s ]
INFO: [ app_init ] --END-- [ RunTime:0.002000s ]
ERR: 无法加载模块:View

[ 2016-11-11T09:24:54+08:00 ] 127.0.0.1 /zyjbook/register
INFO: [ app_init ] --START--
INFO: Run Behavior\BuildLiteBehavior [ RunTime:0.000000s ]
INFO: [ app_init ] --END-- [ RunTime:0.001001s ]
ERR: 无法加载模块:Register

[ 2016-11-11T09:25:05+08:00 ] 127.0.0.1 /zyjbook/register/index
INFO: [ app_init ] --START--
INFO: Run Behavior\BuildLiteBehavior [ RunTime:0.000000s ]
INFO: [ app_init ] --END-- [ RunTime:0.001000s ]
ERR: 无法加载模块:Register

[ 2016-11-11T09:30:28+08:00 ] 127.0.0.1 /zyjbook/register/index
INFO: [ app_init ] --START--
INFO: Run Behavior\BuildLiteBehavior [ RunTime:0.000000s ]
INFO: [ app_init ] --END-- [ RunTime:0.001000s ]
ERR: 无法加载模块:Register

[ 2016-11-11T09:30:30+08:00 ] 127.0.0.1 /zyjbook/register/index
INFO: [ app_init ] --START--
INFO: Run Behavior\BuildLiteBehavior [ RunTime:0.000000s ]
INFO: [ app_init ] --END-- [ RunTime:0.001000s ]
ERR: 无法加载模块:Register

[ 2016-11-11T09:31:46+08:00 ] 127.0.0.1 /zyjbook/register/index
INFO: [ app_init ] --START--
INFO: Run Behavior\BuildLiteBehavior [ RunTime:0.000000s ]
INFO: [ app_init ] --END-- [ RunTime:0.001000s ]
ERR: 无法加载模块:Register

[ 2016-11-11T09:32:06+08:00 ] 127.0.0.1 /zyjbook/view
INFO: [ app_init ] --START--
INFO: Run Behavior\BuildLiteBehavior [ RunTime:0.000000s ]
INFO: [ app_init ] --END-- [ RunTime:0.001000s ]
ERR: 无法加载模块:View

[ 2016-11-11T09:44:00+08:00 ] 127.0.0.1 /zyjbook/index.php?s=/index.html
INFO: [ app_init ] --START--
INFO: Run Behavior\BuildLiteBehavior [ RunTime:0.000000s ]
INFO: [ app_init ] --END-- [ RunTime:0.000000s ]
ERR: 无法加载模块:Index

[ 2016-11-11T09:47:42+08:00 ] 127.0.0.1 /zyjbook/Register/
INFO: [ app_init ] --START--
INFO: Run Behavior\BuildLiteBehavior [ RunTime:0.000000s ]
INFO: [ app_init ] --END-- [ RunTime:0.002000s ]
ERR: 无法加载模块:Register

[ 2016-11-11T09:47:50+08:00 ] 127.0.0.1 /zyjbook/View/
INFO: [ app_init ] --START--
INFO: Run Behavior\BuildLiteBehavior [ RunTime:0.000000s ]
INFO: [ app_init ] --END-- [ RunTime:0.002000s ]
ERR: 无法加载模块:View

[ 2016-11-11T09:53:06+08:00 ] 127.0.0.1 /zyjbook/Public/Home/js/loginBase.js?v=20160222
INFO: [ app_init ] --START--
INFO: Run Behavior\BuildLiteBehavior [ RunTime:0.000000s ]
INFO: [ app_init ] --END-- [ RunTime:0.001000s ]
ERR: 无法加载模块:Public

[ 2016-11-11T09:53:06+08:00 ] 127.0.0.1 /zyjbook/Public/Home/js/common.js?v=20160222
INFO: [ app_init ] --START--
INFO: Run Behavior\BuildLiteBehavior [ RunTime:0.000000s ]
INFO: [ app_init ] --END-- [ RunTime:0.000000s ]
ERR: 无法加载模块:Public

[ 2016-11-11T09:53:08+08:00 ] 127.0.0.1 /zyjbook/Public/Home/js/jquery.js?v=20160222
INFO: [ app_init ] --START--
INFO: Run Behavior\BuildLiteBehavior [ RunTime:0.000000s ]
INFO: [ app_init ] --END-- [ RunTime:0.000000s ]
ERR: 无法加载模块:Public

[ 2016-11-11T09:53:09+08:00 ] 127.0.0.1 /zyjbook/Public/Home/js/Utility.js?v=20160222
INFO: [ app_init ] --START--
INFO: Run Behavior\BuildLiteBehavior [ RunTime:0.000000s ]
INFO: [ app_init ] --END-- [ RunTime:0.000000s ]
ERR: 无法加载模块:Public

[ 2016-11-11T09:53:09+08:00 ] 127.0.0.1 /zyjbook/Public/Home/js/common.js?v=20160222
INFO: [ app_init ] --START--
INFO: Run Behavior\BuildLiteBehavior [ RunTime:0.000000s ]
INFO: [ app_init ] --END-- [ RunTime:0.002000s ]
ERR: 无法加载模块:Public

[ 2016-11-11T09:53:09+08:00 ] 127.0.0.1 /zyjbook/Public/Home/js/RegV2.js?v=20160222
INFO: [ app_init ] --START--
INFO: Run Behavior\BuildLiteBehavior [ RunTime:0.000000s ]
INFO: [ app_init ] --END-- [ RunTime:0.010000s ]
ERR: 无法加载模块:Public

[ 2016-11-11T10:05:06+08:00 ] 127.0.0.1 /zyjbook/Public/Home/js/loginBase.js?v=20160222
INFO: [ app_init ] --START--
INFO: Run Behavior\BuildLiteBehavior [ RunTime:0.000000s ]
INFO: [ app_init ] --END-- [ RunTime:0.002000s ]
ERR: 无法加载模块:Public

[ 2016-11-11T10:05:06+08:00 ] 127.0.0.1 /zyjbook/Public/Home/js/Utility.js?v=20160222
INFO: [ app_init ] --START--
INFO: Run Behavior\BuildLiteBehavior [ RunTime:0.000000s ]
INFO: [ app_init ] --END-- [ RunTime:0.001000s ]
ERR: 无法加载模块:Public

[ 2016-11-11T10:05:06+08:00 ] 127.0.0.1 /zyjbook/Public/Home/js/jquery.js?v=20160222
INFO: [ app_init ] --START--
INFO: Run Behavior\BuildLiteBehavior [ RunTime:0.000000s ]
INFO: [ app_init ] --END-- [ RunTime:0.000000s ]
ERR: 无法加载模块:Public

[ 2016-11-11T10:05:06+08:00 ] 127.0.0.1 /zyjbook/Public/Home/js/common.js?v=20160222
INFO: [ app_init ] --START--
INFO: Run Behavior\BuildLiteBehavior [ RunTime:0.000000s ]
INFO: [ app_init ] --END-- [ RunTime:0.002001s ]
ERR: 无法加载模块:Public

[ 2016-11-11T10:05:06+08:00 ] 127.0.0.1 /zyjbook/Public/Home/js/RegV2.js?v=20160222
INFO: [ app_init ] --START--
INFO: Run Behavior\BuildLiteBehavior [ RunTime:0.000000s ]
INFO: [ app_init ] --END-- [ RunTime:0.001000s ]
ERR: 无法加载模块:Public

[ 2016-11-11T10:05:06+08:00 ] 127.0.0.1 /zyjbook/Public/Home/js/Utility.js?v=20160222
INFO: [ app_init ] --START--
INFO: Run Behavior\BuildLiteBehavior [ RunTime:0.000000s ]
INFO: [ app_init ] --END-- [ RunTime:0.001000s ]
ERR: 无法加载模块:Public

[ 2016-11-11T10:05:07+08:00 ] 127.0.0.1 /zyjbook/Public/Home/js/common.js?v=20160222
INFO: [ app_init ] --START--
INFO: Run Behavior\BuildLiteBehavior [ RunTime:0.010000s ]
INFO: [ app_init ] --END-- [ RunTime:0.010000s ]
ERR: 无法加载模块:Public

[ 2016-11-11T10:05:07+08:00 ] 127.0.0.1 /zyjbook/Public/Home/js/RegV2.js?v=20160222
INFO: [ app_init ] --START--
INFO: Run Behavior\BuildLiteBehavior [ RunTime:0.000000s ]
INFO: [ app_init ] --END-- [ RunTime:0.000000s ]
ERR: 无法加载模块:Public

[ 2016-11-11T10:08:42+08:00 ] 127.0.0.1 /zyjbook/Public/Home/js/loginBase.js?v=20160222
INFO: [ app_init ] --START--
INFO: Run Behavior\BuildLiteBehavior [ RunTime:0.000000s ]
INFO: [ app_init ] --END-- [ RunTime:0.001000s ]
ERR: 无法加载模块:Public

[ 2016-11-11T10:08:42+08:00 ] 127.0.0.1 /zyjbook/Public/Home/js/RegV2.js?v=20160222
INFO: [ app_init ] --START--
INFO: Run Behavior\BuildLiteBehavior [ RunTime:0.000000s ]
INFO: [ app_init ] --END-- [ RunTime:0.001000s ]
ERR: 无法加载模块:Public

[ 2016-11-11T10:08:42+08:00 ] 127.0.0.1 /zyjbook/Public/Home/js/Utility.js?v=20160222
INFO: [ app_init ] --START--
INFO: Run Behavior\BuildLiteBehavior [ RunTime:0.000000s ]
INFO: [ app_init ] --END-- [ RunTime:0.001000s ]
ERR: 无法加载模块:Public

[ 2016-11-11T10:08:43+08:00 ] 127.0.0.1 /zyjbook/Public/Home/js/common.js?v=20160222
INFO: [ app_init ] --START--
INFO: Run Behavior\BuildLiteBehavior [ RunTime:0.000000s ]
INFO: [ app_init ] --END-- [ RunTime:0.000000s ]
ERR: 无法加载模块:Public

[ 2016-11-11T10:08:43+08:00 ] 127.0.0.1 /zyjbook/Public/Home/js/jquery.js?v=20160222
INFO: [ app_init ] --START--
INFO: Run Behavior\BuildLiteBehavior [ RunTime:0.000000s ]
INFO: [ app_init ] --END-- [ RunTime:0.001001s ]
ERR: 无法加载模块:Public

[ 2016-11-11T10:08:43+08:00 ] 127.0.0.1 /zyjbook/Public/Home/js/Utility.js?v=20160222
INFO: [ app_init ] --START--
INFO: Run Behavior\BuildLiteBehavior [ RunTime:0.000000s ]
INFO: [ app_init ] --END-- [ RunTime:0.000000s ]
ERR: 无法加载模块:Public

[ 2016-11-11T10:08:43+08:00 ] 127.0.0.1 /zyjbook/Public/Home/js/common.js?v=20160222
INFO: [ app_init ] --START--
INFO: Run Behavior\BuildLiteBehavior [ RunTime:0.000000s ]
INFO: [ app_init ] --END-- [ RunTime:0.000000s ]
ERR: 无法加载模块:Public

[ 2016-11-11T10:08:43+08:00 ] 127.0.0.1 /zyjbook/Public/Home/js/RegV2.js?v=20160222
INFO: [ app_init ] --START--
INFO: Run Behavior\BuildLiteBehavior [ RunTime:0.000000s ]
INFO: [ app_init ] --END-- [ RunTime:0.010000s ]
ERR: 无法加载模块:Public

[ 2016-11-11T10:09:45+08:00 ] 127.0.0.1 /zyjbook/Public/Home/js/loginBase.js?v=20160222
INFO: [ app_init ] --START--
INFO: Run Behavior\BuildLiteBehavior [ RunTime:0.000000s ]
INFO: [ app_init ] --END-- [ RunTime:0.001000s ]
ERR: 无法加载模块:Public

[ 2016-11-11T10:09:45+08:00 ] 127.0.0.1 /zyjbook/Public/Home/js/common.js?v=20160222
INFO: [ app_init ] --START--
INFO: Run Behavior\BuildLiteBehavior [ RunTime:0.000000s ]
INFO: [ app_init ] --END-- [ RunTime:0.002000s ]
ERR: 无法加载模块:Public

[ 2016-11-11T10:09:45+08:00 ] 127.0.0.1 /zyjbook/Public/Home/js/Utility.js?v=20160222
INFO: [ app_init ] --START--
INFO: Run Behavior\BuildLiteBehavior [ RunTime:0.000000s ]
INFO: [ app_init ] --END-- [ RunTime:0.001000s ]
ERR: 无法加载模块:Public

[ 2016-11-11T10:09:45+08:00 ] 127.0.0.1 /zyjbook/Public/Home/js/jquery.js?v=20160222
INFO: [ app_init ] --START--
INFO: Run Behavior\BuildLiteBehavior [ RunTime:0.000000s ]
INFO: [ app_init ] --END-- [ RunTime:0.001000s ]
ERR: 无法加载模块:Public

[ 2016-11-11T10:09:45+08:00 ] 127.0.0.1 /zyjbook/Public/Home/js/RegV2.js?v=20160222
INFO: [ app_init ] --START--
INFO: Run Behavior\BuildLiteBehavior [ RunTime:0.000000s ]
INFO: [ app_init ] --END-- [ RunTime:0.002000s ]
ERR: 无法加载模块:Public

[ 2016-11-11T10:09:45+08:00 ] 127.0.0.1 /zyjbook/Public/Home/js/Utility.js?v=20160222
INFO: [ app_init ] --START--
INFO: Run Behavior\BuildLiteBehavior [ RunTime:0.000000s ]
INFO: [ app_init ] --END-- [ RunTime:0.006000s ]
ERR: 无法加载模块:Public

[ 2016-11-11T10:09:45+08:00 ] 127.0.0.1 /zyjbook/Public/Home/js/common.js?v=20160222
INFO: [ app_init ] --START--
INFO: Run Behavior\BuildLiteBehavior [ RunTime:0.000000s ]
INFO: [ app_init ] --END-- [ RunTime:0.000000s ]
ERR: 无法加载模块:Public

[ 2016-11-11T10:09:45+08:00 ] 127.0.0.1 /zyjbook/Public/Home/js/RegV2.js?v=20160222
INFO: [ app_init ] --START--
INFO: Run Behavior\BuildLiteBehavior [ RunTime:0.000000s ]
INFO: [ app_init ] --END-- [ RunTime:0.000000s ]
ERR: 无法加载模块:Public

[ 2016-11-11T10:15:49+08:00 ] 127.0.0.1 /zyjbook/Public/Home/js/loginBase.js?v=20160222
INFO: [ app_init ] --START--
INFO: Run Behavior\BuildLiteBehavior [ RunTime:0.000000s ]
INFO: [ app_init ] --END-- [ RunTime:0.001000s ]
ERR: 无法加载模块:Public

[ 2016-11-11T10:15:49+08:00 ] 127.0.0.1 /zyjbook/Public/Home/js/Utility.js?v=20160222
INFO: [ app_init ] --START--
INFO: Run Behavior\BuildLiteBehavior [ RunTime:0.000000s ]
INFO: [ app_init ] --END-- [ RunTime:0.001000s ]
ERR: 无法加载模块:Public

[ 2016-11-11T10:15:49+08:00 ] 127.0.0.1 /zyjbook/Public/Home/js/RegV2.js?v=20160222
INFO: [ app_init ] --START--
INFO: Run Behavior\BuildLiteBehavior [ RunTime:0.000000s ]
INFO: [ app_init ] --END-- [ RunTime:0.001000s ]
ERR: 无法加载模块:Public

[ 2016-11-11T10:15:49+08:00 ] 127.0.0.1 /zyjbook/Public/Home/js/jquery.js?v=20160222
INFO: [ app_init ] --START--
INFO: Run Behavior\BuildLiteBehavior [ RunTime:0.000000s ]
INFO: [ app_init ] --END-- [ RunTime:0.001000s ]
ERR: 无法加载模块:Public

[ 2016-11-11T10:15:50+08:00 ] 127.0.0.1 /zyjbook/Public/Home/js/common.js?v=20160222
INFO: [ app_init ] --START--
INFO: Run Behavior\BuildLiteBehavior [ RunTime:0.000000s ]
INFO: [ app_init ] --END-- [ RunTime:0.001000s ]
ERR: 无法加载模块:Public

[ 2016-11-11T10:15:50+08:00 ] 127.0.0.1 /zyjbook/Public/Home/js/Utility.js?v=20160222
INFO: [ app_init ] --START--
INFO: Run Behavior\BuildLiteBehavior [ RunTime:0.000000s ]
INFO: [ app_init ] --END-- [ RunTime:0.001000s ]
ERR: 无法加载模块:Public

[ 2016-11-11T10:15:50+08:00 ] 127.0.0.1 /zyjbook/Public/Home/js/common.js?v=20160222
INFO: [ app_init ] --START--
INFO: Run Behavior\BuildLiteBehavior [ RunTime:0.000000s ]
INFO: [ app_init ] --END-- [ RunTime:0.002000s ]
ERR: 无法加载模块:Public

[ 2016-11-11T10:15:50+08:00 ] 127.0.0.1 /zyjbook/Public/Home/js/RegV2.js?v=20160222
INFO: [ app_init ] --START--
INFO: Run Behavior\BuildLiteBehavior [ RunTime:0.000000s ]
INFO: [ app_init ] --END-- [ RunTime:0.001000s ]
ERR: 无法加载模块:Public

[ 2016-11-11T10:32:57+08:00 ] 127.0.0.1 /zyjbook/Register/index.html
INFO: [ app_init ] --START--
INFO: Run Behavior\BuildLiteBehavior [ RunTime:0.000000s ]
INFO: [ app_init ] --END-- [ RunTime:0.002000s ]
ERR: 无法加载模块:Register

[ 2016-11-11T10:33:41+08:00 ] 127.0.0.1 /zyjbook/Register/index.html
INFO: [ app_init ] --START--
INFO: Run Behavior\BuildLiteBehavior [ RunTime:0.000000s ]
INFO: [ app_init ] --END-- [ RunTime:0.001000s ]
ERR: 无法加载模块:Register

[ 2016-11-11T10:35:10+08:00 ] 127.0.0.1 /zyjbook/Public/Home/js/loginBase.js?v=20160222
INFO: [ app_init ] --START--
INFO: Run Behavior\BuildLiteBehavior [ RunTime:0.000000s ]
INFO: [ app_init ] --END-- [ RunTime:0.001000s ]
ERR: 无法加载模块:Public

[ 2016-11-11T10:35:10+08:00 ] 127.0.0.1 /zyjbook/Public/Home/js/RegV2.js?v=20160222
INFO: [ app_init ] --START--
INFO: Run Behavior\BuildLiteBehavior [ RunTime:0.000000s ]
INFO: [ app_init ] --END-- [ RunTime:0.001000s ]
ERR: 无法加载模块:Public

[ 2016-11-11T10:35:10+08:00 ] 127.0.0.1 /zyjbook/Public/Home/js/Utility.js?v=20160222
INFO: [ app_init ] --START--
INFO: Run Behavior\BuildLiteBehavior [ RunTime:0.000000s ]
INFO: [ app_init ] --END-- [ RunTime:0.002000s ]
ERR: 无法加载模块:Public

[ 2016-11-11T10:35:10+08:00 ] 127.0.0.1 /zyjbook/Public/Home/js/jquery.js?v=20160222
INFO: [ app_init ] --START--
INFO: Run Behavior\BuildLiteBehavior [ RunTime:0.001000s ]
INFO: [ app_init ] --END-- [ RunTime:0.001000s ]
ERR: 无法加载模块:Public

[ 2016-11-11T10:35:10+08:00 ] 127.0.0.1 /zyjbook/Public/Home/js/common.js?v=20160222
INFO: [ app_init ] --START--
INFO: Run Behavior\BuildLiteBehavior [ RunTime:0.000000s ]
INFO: [ app_init ] --END-- [ RunTime:0.001000s ]
ERR: 无法加载模块:Public

[ 2016-11-11T10:35:10+08:00 ] 127.0.0.1 /zyjbook/Public/Home/js/Utility.js?v=20160222
INFO: [ app_init ] --START--
INFO: Run Behavior\BuildLiteBehavior [ RunTime:0.000000s ]
INFO: [ app_init ] --END-- [ RunTime:0.001000s ]
ERR: 无法加载模块:Public

[ 2016-11-11T10:35:11+08:00 ] 127.0.0.1 /zyjbook/Public/Home/js/common.js?v=20160222
INFO: [ app_init ] --START--
INFO: Run Behavior\BuildLiteBehavior [ RunTime:0.000000s ]
INFO: [ app_init ] --END-- [ RunTime:0.001000s ]
ERR: 无法加载模块:Public

[ 2016-11-11T10:35:11+08:00 ] 127.0.0.1 /zyjbook/Public/Home/js/RegV2.js?v=20160222
INFO: [ app_init ] --START--
INFO: Run Behavior\BuildLiteBehavior [ RunTime:0.000000s ]
INFO: [ app_init ] --END-- [ RunTime:0.001000s ]
ERR: 无法加载模块:Public

[ 2016-11-11T10:37:36+08:00 ] 127.0.0.1 /zyjbook/Public/Home/js/loginBase.js?v=20160222
INFO: [ app_init ] --START--
INFO: Run Behavior\BuildLiteBehavior [ RunTime:0.000000s ]
INFO: [ app_init ] --END-- [ RunTime:0.001000s ]
ERR: 无法加载模块:Public

[ 2016-11-11T10:37:37+08:00 ] 127.0.0.1 /zyjbook/Public/Home/js/Utility.js?v=20160222
INFO: [ app_init ] --START--
INFO: Run Behavior\BuildLiteBehavior [ RunTime:0.000000s ]
INFO: [ app_init ] --END-- [ RunTime:0.001000s ]
ERR: 无法加载模块:Public

[ 2016-11-11T10:37:36+08:00 ] 127.0.0.1 /zyjbook/Public/Home/js/jquery.js?v=20160222
INFO: [ app_init ] --START--
INFO: Run Behavior\BuildLiteBehavior [ RunTime:0.000000s ]
INFO: [ app_init ] --END-- [ RunTime:0.002000s ]
ERR: 无法加载模块:Public

[ 2016-11-11T10:37:37+08:00 ] 127.0.0.1 /zyjbook/Public/Home/js/RegV2.js?v=20160222
INFO: [ app_init ] --START--
INFO: Run Behavior\BuildLiteBehavior [ RunTime:0.000000s ]
INFO: [ app_init ] --END-- [ RunTime:0.002000s ]
ERR: 无法加载模块:Public

[ 2016-11-11T10:37:37+08:00 ] 127.0.0.1 /zyjbook/Public/Home/js/Utility.js?v=20160222
INFO: [ app_init ] --START--
INFO: Run Behavior\BuildLiteBehavior [ RunTime:0.000000s ]
INFO: [ app_init ] --END-- [ RunTime:0.001000s ]
ERR: 无法加载模块:Public

[ 2016-11-11T10:37:37+08:00 ] 127.0.0.1 /zyjbook/Public/Home/js/common.js?v=20160222
INFO: [ app_init ] --START--
INFO: Run Behavior\BuildLiteBehavior [ RunTime:0.000000s ]
INFO: [ app_init ] --END-- [ RunTime:0.008001s ]
ERR: 无法加载模块:Public

[ 2016-11-11T10:37:37+08:00 ] 127.0.0.1 /zyjbook/Public/Home/js/RegV2.js?v=20160222
INFO: [ app_init ] --START--
INFO: Run Behavior\BuildLiteBehavior [ RunTime:0.000000s ]
INFO: [ app_init ] --END-- [ RunTime:0.001000s ]
ERR: 无法加载模块:Public

[ 2016-11-11T10:40:43+08:00 ] 127.0.0.1 /zyjbook/Register
INFO: [ app_init ] --START--
INFO: Run Behavior\BuildLiteBehavior [ RunTime:0.000000s ]
INFO: [ app_init ] --END-- [ RunTime:0.002001s ]
ERR: 无法加载模块:Register

[ 2016-11-11T10:40:52+08:00 ] 127.0.0.1 /zyjbook/Register
INFO: [ app_init ] --START--
INFO: Run Behavior\BuildLiteBehavior [ RunTime:0.000000s ]
INFO: [ app_init ] --END-- [ RunTime:0.001000s ]
ERR: 无法加载模块:Register

[ 2016-11-11T10:41:01+08:00 ] 127.0.0.1 /zyjbook/Public/Home/js/RegV2.js?v=20160222
INFO: [ app_init ] --START--
INFO: Run Behavior\BuildLiteBehavior [ RunTime:0.000000s ]
INFO: [ app_init ] --END-- [ RunTime:0.001000s ]
ERR: 无法加载模块:Public

[ 2016-11-11T10:41:01+08:00 ] 127.0.0.1 /zyjbook/Public/Home/js/jquery.js?v=20160222
INFO: [ app_init ] --START--
INFO: Run Behavior\BuildLiteBehavior [ RunTime:0.000000s ]
INFO: [ app_init ] --END-- [ RunTime:0.016001s ]
ERR: 无法加载模块:Public

[ 2016-11-11T10:41:01+08:00 ] 127.0.0.1 /zyjbook/Public/Home/js/common.js?v=20160222
INFO: [ app_init ] --START--
INFO: Run Behavior\BuildLiteBehavior [ RunTime:0.000000s ]
INFO: [ app_init ] --END-- [ RunTime:0.001000s ]
ERR: 无法加载模块:Public

[ 2016-11-11T10:41:01+08:00 ] 127.0.0.1 /zyjbook/Public/Home/js/loginBase.js?v=20160222
INFO: [ app_init ] --START--
INFO: Run Behavior\BuildLiteBehavior [ RunTime:0.000000s ]
INFO: [ app_init ] --END-- [ RunTime:0.001000s ]
ERR: 无法加载模块:Public

[ 2016-11-11T10:41:01+08:00 ] 127.0.0.1 /zyjbook/Public/Home/js/Utility.js?v=20160222
INFO: [ app_init ] --START--
INFO: Run Behavior\BuildLiteBehavior [ RunTime:0.000000s ]
INFO: [ app_init ] --END-- [ RunTime:0.001000s ]
ERR: 无法加载模块:Public

[ 2016-11-11T10:41:01+08:00 ] 127.0.0.1 /zyjbook/Public/Home/js/common.js?v=20160222
INFO: [ app_init ] --START--
INFO: Run Behavior\BuildLiteBehavior [ RunTime:0.000000s ]
INFO: [ app_init ] --END-- [ RunTime:0.002000s ]
ERR: 无法加载模块:Public

[ 2016-11-11T10:41:01+08:00 ] 127.0.0.1 /zyjbook/Public/Home/js/RegV2.js?v=20160222
INFO: [ app_init ] --START--
INFO: Run Behavior\BuildLiteBehavior [ RunTime:0.001000s ]
INFO: [ app_init ] --END-- [ RunTime:0.003000s ]
ERR: 无法加载模块:Public

[ 2016-11-11T10:46:16+08:00 ] 127.0.0.1 /zyjbook/Register
INFO: [ app_init ] --START--
INFO: Run Behavior\BuildLiteBehavior [ RunTime:0.000000s ]
INFO: [ app_init ] --END-- [ RunTime:0.001000s ]
ERR: 无法加载模块:Register

[ 2016-11-11T11:27:10+08:00 ] 127.0.0.1 /zyjbook/Public/Home/js/jquery.js?v=20160222
INFO: [ app_init ] --START--
INFO: Run Behavior\BuildLiteBehavior [ RunTime:0.000000s ]
INFO: [ app_init ] --END-- [ RunTime:0.002000s ]
ERR: 无法加载模块:Public

[ 2016-11-11T11:27:10+08:00 ] 127.0.0.1 /zyjbook/Public/Home/js/Utility.js?v=20160222
INFO: [ app_init ] --START--
INFO: Run Behavior\BuildLiteBehavior [ RunTime:0.000000s ]
INFO: [ app_init ] --END-- [ RunTime:0.001000s ]
ERR: 无法加载模块:Public

[ 2016-11-11T11:27:10+08:00 ] 127.0.0.1 /zyjbook/Public/Home/js/loginBase.js?v=20160222
INFO: [ app_init ] --START--
INFO: Run Behavior\BuildLiteBehavior [ RunTime:0.001000s ]
INFO: [ app_init ] --END-- [ RunTime:0.002000s ]
ERR: 无法加载模块:Public

[ 2016-11-11T11:27:10+08:00 ] 127.0.0.1 /zyjbook/Public/Home/js/common.js?v=20160222
INFO: [ app_init ] --START--
INFO: Run Behavior\BuildLiteBehavior [ RunTime:0.000000s ]
INFO: [ app_init ] --END-- [ RunTime:0.001000s ]
ERR: 无法加载模块:Public

[ 2016-11-11T11:27:10+08:00 ] 127.0.0.1 /zyjbook/Public/Home/js/RegV2.js?v=20160222
INFO: [ app_init ] --START--
INFO: Run Behavior\BuildLiteBehavior [ RunTime:0.000000s ]
INFO: [ app_init ] --END-- [ RunTime:0.001000s ]
ERR: 无法加载模块:Public

[ 2016-11-11T11:29:48+08:00 ] 127.0.0.1 /zyjbook/Public/Home/js/common.js?v=20160222
INFO: [ app_init ] --START--
INFO: Run Behavior\BuildLiteBehavior [ RunTime:0.000000s ]
INFO: [ app_init ] --END-- [ RunTime:0.003000s ]
ERR: 无法加载模块:Public

[ 2016-11-11T11:29:48+08:00 ] 127.0.0.1 /zyjbook/Public/Home/js/jquery.js?v=20160222
INFO: [ app_init ] --START--
INFO: Run Behavior\BuildLiteBehavior [ RunTime:0.001000s ]
INFO: [ app_init ] --END-- [ RunTime:0.002000s ]
ERR: 无法加载模块:Public

[ 2016-11-11T11:29:48+08:00 ] 127.0.0.1 /zyjbook/Public/Home/js/Utility.js?v=20160222
INFO: [ app_init ] --START--
INFO: Run Behavior\BuildLiteBehavior [ RunTime:0.000000s ]
INFO: [ app_init ] --END-- [ RunTime:0.001000s ]
ERR: 无法加载模块:Public

[ 2016-11-11T11:29:48+08:00 ] 127.0.0.1 /zyjbook/Public/Home/js/loginBase.js?v=20160222
INFO: [ app_init ] --START--
INFO: Run Behavior\BuildLiteBehavior [ RunTime:0.000000s ]
INFO: [ app_init ] --END-- [ RunTime:0.001000s ]
ERR: 无法加载模块:Public

[ 2016-11-11T11:29:48+08:00 ] 127.0.0.1 /zyjbook/Public/Home/js/RegV2.js?v=20160222
INFO: [ app_init ] --START--
INFO: Run Behavior\BuildLiteBehavior [ RunTime:0.001000s ]
INFO: [ app_init ] --END-- [ RunTime:0.002000s ]
ERR: 无法加载模块:Public

[ 2016-11-11T11:29:48+08:00 ] 127.0.0.1 /zyjbook/Public/Home/js/common.js?v=20160222
INFO: [ app_init ] --START--
INFO: Run Behavior\BuildLiteBehavior [ RunTime:0.001000s ]
INFO: [ app_init ] --END-- [ RunTime:0.002000s ]
ERR: 无法加载模块:Public

[ 2016-11-11T11:29:48+08:00 ] 127.0.0.1 /zyjbook/Public/Home/js/RegV2.js?v=20160222
INFO: [ app_init ] --START--
INFO: Run Behavior\BuildLiteBehavior [ RunTime:0.000000s ]
INFO: [ app_init ] --END-- [ RunTime:0.001000s ]
ERR: 无法加载模块:Public

[ 2016-11-11T11:58:06+08:00 ] 127.0.0.1 /zyjbook/Public/Home/js/jquery.js?v=20160222
INFO: [ app_init ] --START--
INFO: Run Behavior\BuildLiteBehavior [ RunTime:0.000000s ]
INFO: [ app_init ] --END-- [ RunTime:0.001000s ]
ERR: 无法加载模块:Public

[ 2016-11-11T11:58:06+08:00 ] 127.0.0.1 /zyjbook/Public/Home/js/loginBase.js?v=20160222
INFO: [ app_init ] --START--
INFO: Run Behavior\BuildLiteBehavior [ RunTime:0.000000s ]
INFO: [ app_init ] --END-- [ RunTime:0.007000s ]
ERR: 无法加载模块:Public

[ 2016-11-11T11:58:06+08:00 ] 127.0.0.1 /zyjbook/Public/Home/js/common.js?v=20160222
INFO: [ app_init ] --START--
INFO: Run Behavior\BuildLiteBehavior [ RunTime:0.001000s ]
INFO: [ app_init ] --END-- [ RunTime:0.002000s ]
ERR: 无法加载模块:Public

[ 2016-11-11T11:58:06+08:00 ] 127.0.0.1 /zyjbook/Public/Home/js/Utility.js?v=20160222
INFO: [ app_init ] --START--
INFO: Run Behavior\BuildLiteBehavior [ RunTime:0.001000s ]
INFO: [ app_init ] --END-- [ RunTime:0.002000s ]
ERR: 无法加载模块:Public

[ 2016-11-11T11:58:06+08:00 ] 127.0.0.1 /zyjbook/Public/Home/js/RegV2.js?v=20160222
INFO: [ app_init ] --START--
INFO: Run Behavior\BuildLiteBehavior [ RunTime:0.000000s ]
INFO: [ app_init ] --END-- [ RunTime:0.001000s ]
ERR: 无法加载模块:Public

[ 2016-11-11T11:58:06+08:00 ] 127.0.0.1 /zyjbook/Public/Home/js/common.js?v=20160222
INFO: [ app_init ] --START--
INFO: Run Behavior\BuildLiteBehavior [ RunTime:0.000000s ]
INFO: [ app_init ] --END-- [ RunTime:0.003000s ]
ERR: 无法加载模块:Public

[ 2016-11-11T11:58:06+08:00 ] 127.0.0.1 /zyjbook/Public/Home/js/RegV2.js?v=20160222
INFO: [ app_init ] --START--
INFO: Run Behavior\BuildLiteBehavior [ RunTime:0.001000s ]
INFO: [ app_init ] --END-- [ RunTime:0.002000s ]
ERR: 无法加载模块:Public

[ 2016-11-11T12:00:39+08:00 ] 127.0.0.1 /zyjbook/Public/Home/js/jquery.js?v=20160222
INFO: [ app_init ] --START--
INFO: Run Behavior\BuildLiteBehavior [ RunTime:0.000000s ]
INFO: [ app_init ] --END-- [ RunTime:0.001000s ]
ERR: 无法加载模块:Public

[ 2016-11-11T12:00:39+08:00 ] 127.0.0.1 /zyjbook/Public/Home/js/loginBase.js?v=20160222
INFO: [ app_init ] --START--
INFO: Run Behavior\BuildLiteBehavior [ RunTime:0.001000s ]
INFO: [ app_init ] --END-- [ RunTime:0.002000s ]
ERR: 无法加载模块:Public

[ 2016-11-11T12:00:39+08:00 ] 127.0.0.1 /zyjbook/Public/Home/js/Utility.js?v=20160222
INFO: [ app_init ] --START--
INFO: Run Behavior\BuildLiteBehavior [ RunTime:0.000000s ]
INFO: [ app_init ] --END-- [ RunTime:0.001000s ]
ERR: 无法加载模块:Public

[ 2016-11-11T12:00:39+08:00 ] 127.0.0.1 /zyjbook/Public/Home/js/common.js?v=20160222
INFO: [ app_init ] --START--
INFO: Run Behavior\BuildLiteBehavior [ RunTime:0.000000s ]
INFO: [ app_init ] --END-- [ RunTime:0.002000s ]
ERR: 无法加载模块:Public

[ 2016-11-11T12:00:39+08:00 ] 127.0.0.1 /zyjbook/Public/Home/js/RegV2.js?v=20160222
INFO: [ app_init ] --START--
INFO: Run Behavior\BuildLiteBehavior [ RunTime:0.000000s ]
INFO: [ app_init ] --END-- [ RunTime:0.001000s ]
ERR: 无法加载模块:Public

[ 2016-11-11T12:00:39+08:00 ] 127.0.0.1 /zyjbook/Public/Home/js/jquery.js?v=20160222
INFO: [ app_init ] --START--
INFO: Run Behavior\BuildLiteBehavior [ RunTime:0.000000s ]
INFO: [ app_init ] --END-- [ RunTime:0.001000s ]
ERR: 无法加载模块:Public

[ 2016-11-11T12:00:39+08:00 ] 127.0.0.1 /zyjbook/Public/Home/js/Utility.js?v=20160222
INFO: [ app_init ] --START--
INFO: Run Behavior\BuildLiteBehavior [ RunTime:0.001000s ]
INFO: [ app_init ] --END-- [ RunTime:0.001000s ]
ERR: 无法加载模块:Public

[ 2016-11-11T12:00:39+08:00 ] 127.0.0.1 /zyjbook/Public/Home/js/common.js?v=20160222
INFO: [ app_init ] --START--
INFO: Run Behavior\BuildLiteBehavior [ RunTime:0.000000s ]
INFO: [ app_init ] --END-- [ RunTime:0.002000s ]
ERR: 无法加载模块:Public

[ 2016-11-11T12:00:39+08:00 ] 127.0.0.1 /zyjbook/Public/Home/js/RegV2.js?v=20160222
INFO: [ app_init ] --START--
INFO: Run Behavior\BuildLiteBehavior [ RunTime:0.000000s ]
INFO: [ app_init ] --END-- [ RunTime:0.001000s ]
ERR: 无法加载模块:Public

[ 2016-11-11T12:00:58+08:00 ] 127.0.0.1 /zyjbook/Public/Home/js/loginBase.js?v=20160222
INFO: [ app_init ] --START--
INFO: Run Behavior\BuildLiteBehavior [ RunTime:0.000000s ]
INFO: [ app_init ] --END-- [ RunTime:0.001000s ]
ERR: 无法加载模块:Public

[ 2016-11-11T12:00:58+08:00 ] 127.0.0.1 /zyjbook/Public/Home/js/RegV2.js?v=20160222
INFO: [ app_init ] --START--
INFO: Run Behavior\BuildLiteBehavior [ RunTime:0.000000s ]
INFO: [ app_init ] --END-- [ RunTime:0.001000s ]
ERR: 无法加载模块:Public

[ 2016-11-11T12:00:58+08:00 ] 127.0.0.1 /zyjbook/Public/Home/js/jquery.js?v=20160222
INFO: [ app_init ] --START--
INFO: Run Behavior\BuildLiteBehavior [ RunTime:0.000000s ]
INFO: [ app_init ] --END-- [ RunTime:0.010001s ]
ERR: 无法加载模块:Public

[ 2016-11-11T12:00:58+08:00 ] 127.0.0.1 /zyjbook/Public/Home/js/Utility.js?v=20160222
INFO: [ app_init ] --START--
INFO: Run Behavior\BuildLiteBehavior [ RunTime:0.000000s ]
INFO: [ app_init ] --END-- [ RunTime:0.015001s ]
ERR: 无法加载模块:Public

[ 2016-11-11T12:00:58+08:00 ] 127.0.0.1 /zyjbook/Public/Home/js/Utility.js?v=20160222
INFO: [ app_init ] --START--
INFO: Run Behavior\BuildLiteBehavior [ RunTime:0.000000s ]
INFO: [ app_init ] --END-- [ RunTime:0.003000s ]
ERR: 无法加载模块:Public

[ 2016-11-11T12:00:58+08:00 ] 127.0.0.1 /zyjbook/Public/Home/js/common.js?v=20160222
INFO: [ app_init ] --START--
INFO: Run Behavior\BuildLiteBehavior [ RunTime:0.000000s ]
INFO: [ app_init ] --END-- [ RunTime:0.001000s ]
ERR: 无法加载模块:Public

[ 2016-11-11T12:00:58+08:00 ] 127.0.0.1 /zyjbook/Public/Home/js/RegV2.js?v=20160222
INFO: [ app_init ] --START--
INFO: Run Behavior\BuildLiteBehavior [ RunTime:0.000000s ]
INFO: [ app_init ] --END-- [ RunTime:0.001000s ]
ERR: 无法加载模块:Public

[ 2016-11-11T12:03:05+08:00 ] 127.0.0.1 /zyjbook/Public/Home/js/loginBase.js?v=20160222
INFO: [ app_init ] --START--
INFO: Run Behavior\BuildLiteBehavior [ RunTime:0.000000s ]
INFO: [ app_init ] --END-- [ RunTime:0.001000s ]
ERR: 无法加载模块:Public

[ 2016-11-11T12:03:05+08:00 ] 127.0.0.1 /zyjbook/Public/Home/js/jquery.js?v=20160222
INFO: [ app_init ] --START--
INFO: Run Behavior\BuildLiteBehavior [ RunTime:0.000000s ]
INFO: [ app_init ] --END-- [ RunTime:0.001000s ]
ERR: 无法加载模块:Public

[ 2016-11-11T12:03:05+08:00 ] 127.0.0.1 /zyjbook/Public/Home/js/common.js?v=20160222
INFO: [ app_init ] --START--
INFO: Run Behavior\BuildLiteBehavior [ RunTime:0.000000s ]
INFO: [ app_init ] --END-- [ RunTime:0.001000s ]
ERR: 无法加载模块:Public

[ 2016-11-11T12:03:05+08:00 ] 127.0.0.1 /zyjbook/Public/Home/js/RegV2.js?v=20160222
INFO: [ app_init ] --START--
INFO: Run Behavior\BuildLiteBehavior [ RunTime:0.000000s ]
INFO: [ app_init ] --END-- [ RunTime:0.001000s ]
ERR: 无法加载模块:Public

[ 2016-11-11T12:03:05+08:00 ] 127.0.0.1 /zyjbook/Public/Home/js/Utility.js?v=20160222
INFO: [ app_init ] --START--
INFO: Run Behavior\BuildLiteBehavior [ RunTime:0.001000s ]
INFO: [ app_init ] --END-- [ RunTime:0.002000s ]
ERR: 无法加载模块:Public

[ 2016-11-11T12:03:05+08:00 ] 127.0.0.1 /zyjbook/Public/Home/js/common.js?v=20160222
INFO: [ app_init ] --START--
INFO: Run Behavior\BuildLiteBehavior [ RunTime:0.000000s ]
INFO: [ app_init ] --END-- [ RunTime:0.001000s ]
ERR: 无法加载模块:Public

[ 2016-11-11T12:03:05+08:00 ] 127.0.0.1 /zyjbook/Public/Home/js/RegV2.js?v=20160222
INFO: [ app_init ] --START--
INFO: Run Behavior\BuildLiteBehavior [ RunTime:0.000000s ]
INFO: [ app_init ] --END-- [ RunTime:0.001000s ]
ERR: 无法加载模块:Public

[ 2016-11-11T14:14:31+08:00 ] 127.0.0.1 /zyjbook/Register
INFO: [ app_init ] --START--
INFO: Run Behavior\BuildLiteBehavior [ RunTime:0.000000s ]
INFO: [ app_init ] --END-- [ RunTime:0.001000s ]
ERR: 无法加载模块:Register

[ 2016-11-11T14:15:59+08:00 ] 127.0.0.1 /zyjbook/Register
INFO: [ app_init ] --START--
INFO: Run Behavior\BuildLiteBehavior [ RunTime:0.000000s ]
INFO: [ app_init ] --END-- [ RunTime:0.002000s ]
ERR: 无法加载模块:Register

[ 2016-11-11T14:16:53+08:00 ] 127.0.0.1 /zyjbook/Register
INFO: [ app_init ] --START--
INFO: Run Behavior\BuildLiteBehavior [ RunTime:0.000000s ]
INFO: [ app_init ] --END-- [ RunTime:0.002000s ]
ERR: 无法加载模块:Register

[ 2016-11-11T14:17:02+08:00 ] 127.0.0.1 /zyjbook/Register
INFO: [ app_init ] --START--
INFO: Run Behavior\BuildLiteBehavior [ RunTime:0.000000s ]
INFO: [ app_init ] --END-- [ RunTime:0.002000s ]
ERR: 无法加载模块:Register

[ 2016-11-11T14:17:20+08:00 ] 127.0.0.1 /zyjbook/Register
INFO: [ app_init ] --START--
INFO: Run Behavior\BuildLiteBehavior [ RunTime:0.000000s ]
INFO: [ app_init ] --END-- [ RunTime:0.008000s ]
ERR: 无法加载模块:Register

[ 2016-11-11T14:17:50+08:00 ] 127.0.0.1 /zyjbook/Register
INFO: [ app_init ] --START--
INFO: Run Behavior\BuildLiteBehavior [ RunTime:0.000000s ]
INFO: [ app_init ] --END-- [ RunTime:0.003000s ]
ERR: 无法加载模块:Register

[ 2016-11-11T14:18:36+08:00 ] 127.0.0.1 /zyjbook/Register
INFO: [ app_init ] --START--
INFO: Run Behavior\BuildLiteBehavior [ RunTime:0.000000s ]
INFO: [ app_init ] --END-- [ RunTime:0.005000s ]
ERR: 无法加载模块:Register

[ 2016-11-11T14:18:42+08:00 ] 127.0.0.1 /zyjbook/Register/index.html
INFO: [ app_init ] --START--
INFO: Run Behavior\BuildLiteBehavior [ RunTime:0.000000s ]
INFO: [ app_init ] --END-- [ RunTime:0.001000s ]
ERR: 无法加载模块:Register

[ 2016-11-11T14:19:10+08:00 ] 127.0.0.1 /zyjbook/Register
INFO: [ app_init ] --START--
INFO: Run Behavior\BuildLiteBehavior [ RunTime:0.000000s ]
INFO: [ app_init ] --END-- [ RunTime:0.002000s ]
ERR: 无法加载模块:Register

[ 2016-11-11T14:19:59+08:00 ] 127.0.0.1 /zyjbook/Register
INFO: [ app_init ] --START--
INFO: Run Behavior\BuildLiteBehavior [ RunTime:0.000000s ]
INFO: [ app_init ] --END-- [ RunTime:0.002000s ]
ERR: 无法加载模块:Register

[ 2016-11-11T14:20:35+08:00 ] 127.0.0.1 /zyjbook/Public/Home/js/loginBase.js?v=20160222
INFO: [ app_init ] --START--
INFO: Run Behavior\BuildLiteBehavior [ RunTime:0.000000s ]
INFO: [ app_init ] --END-- [ RunTime:0.002000s ]
ERR: 无法加载模块:Public

[ 2016-11-11T14:20:35+08:00 ] 127.0.0.1 /zyjbook/Public/Home/js/RegV2.js?v=20160222
INFO: [ app_init ] --START--
INFO: Run Behavior\BuildLiteBehavior [ RunTime:0.000000s ]
INFO: [ app_init ] --END-- [ RunTime:0.001000s ]
ERR: 无法加载模块:Public

[ 2016-11-11T14:20:35+08:00 ] 127.0.0.1 /zyjbook/Public/Home/js/jquery.js?v=20160222
INFO: [ app_init ] --START--
INFO: Run Behavior\BuildLiteBehavior [ RunTime:0.000000s ]
INFO: [ app_init ] --END-- [ RunTime:0.002000s ]
ERR: 无法加载模块:Public

[ 2016-11-11T14:20:37+08:00 ] 127.0.0.1 /zyjbook/Public/Home/js/common.js?v=20160222
INFO: [ app_init ] --START--
INFO: Run Behavior\BuildLiteBehavior [ RunTime:0.000000s ]
INFO: [ app_init ] --END-- [ RunTime:0.002000s ]
ERR: 无法加载模块:Public

[ 2016-11-11T14:20:37+08:00 ] 127.0.0.1 /zyjbook/Public/Home/js/Utility.js?v=20160222
INFO: [ app_init ] --START--
INFO: Run Behavior\BuildLiteBehavior [ RunTime:0.000000s ]
INFO: [ app_init ] --END-- [ RunTime:0.007000s ]
ERR: 无法加载模块:Public

[ 2016-11-11T14:20:37+08:00 ] 127.0.0.1 /zyjbook/Public/Home/js/common.js?v=20160222
INFO: [ app_init ] --START--
INFO: Run Behavior\BuildLiteBehavior [ RunTime:0.000000s ]
INFO: [ app_init ] --END-- [ RunTime:0.002000s ]
ERR: 无法加载模块:Public

[ 2016-11-11T14:20:37+08:00 ] 127.0.0.1 /zyjbook/Public/Home/js/RegV2.js?v=20160222
INFO: [ app_init ] --START--
INFO: Run Behavior\BuildLiteBehavior [ RunTime:0.000000s ]
INFO: [ app_init ] --END-- [ RunTime:0.001000s ]
ERR: 无法加载模块:Public

