[ 2016-11-12T16:08:28+08:00 ] 127.0.0.1 /zyjbook/Public/Home/js/loginBase.js?v=20160222
INFO: [ app_init ] --START--
INFO: Run Behavior\BuildLiteBehavior [ RunTime:0.001001s ]
INFO: [ app_init ] --END-- [ RunTime:0.001001s ]
ERR: 无法加载模块:Public

[ 2016-11-12T16:08:28+08:00 ] 127.0.0.1 /zyjbook/Public/Home/js/jquery.js?v=20160222
INFO: [ app_init ] --START--
INFO: Run Behavior\BuildLiteBehavior [ RunTime:0.000000s ]
INFO: [ app_init ] --END-- [ RunTime:0.001000s ]
ERR: 无法加载模块:Public

[ 2016-11-12T16:08:28+08:00 ] 127.0.0.1 /zyjbook/Public/Home/js/Utility.js?v=20160222
INFO: [ app_init ] --START--
INFO: Run Behavior\BuildLiteBehavior [ RunTime:0.000000s ]
INFO: [ app_init ] --END-- [ RunTime:0.001001s ]
ERR: 无法加载模块:Public

[ 2016-11-12T16:08:28+08:00 ] 127.0.0.1 /zyjbook/Public/Home/js/common.js?v=20160222
INFO: [ app_init ] --START--
INFO: Run Behavior\BuildLiteBehavior [ RunTime:0.000000s ]
INFO: [ app_init ] --END-- [ RunTime:0.001000s ]
ERR: 无法加载模块:Public

[ 2016-11-12T16:08:28+08:00 ] 127.0.0.1 /zyjbook/Public/Home/js/jquery.js?v=20160222
INFO: [ app_init ] --START--
INFO: Run Behavior\BuildLiteBehavior [ RunTime:0.000000s ]
INFO: [ app_init ] --END-- [ RunTime:0.001000s ]
ERR: 无法加载模块:Public

[ 2016-11-12T16:08:28+08:00 ] 127.0.0.1 /zyjbook/Public/Home/js/RegV2.js?v=20160222
INFO: [ app_init ] --START--
INFO: Run Behavior\BuildLiteBehavior [ RunTime:0.000000s ]
INFO: [ app_init ] --END-- [ RunTime:0.004000s ]
ERR: 无法加载模块:Public

[ 2016-11-12T16:08:28+08:00 ] 127.0.0.1 /zyjbook/Public/Home/js/Utility.js?v=20160222
INFO: [ app_init ] --START--
INFO: Run Behavior\BuildLiteBehavior [ RunTime:0.000000s ]
INFO: [ app_init ] --END-- [ RunTime:0.002001s ]
ERR: 无法加载模块:Public

[ 2016-11-12T16:08:28+08:00 ] 127.0.0.1 /zyjbook/Public/Home/js/common.js?v=20160222
INFO: [ app_init ] --START--
INFO: Run Behavior\BuildLiteBehavior [ RunTime:0.000000s ]
INFO: [ app_init ] --END-- [ RunTime:0.001000s ]
ERR: 无法加载模块:Public

[ 2016-11-12T16:08:29+08:00 ] 127.0.0.1 /zyjbook/Public/Home/js/RegV2.js?v=20160222
INFO: [ app_init ] --START--
INFO: Run Behavior\BuildLiteBehavior [ RunTime:0.000000s ]
INFO: [ app_init ] --END-- [ RunTime:0.001000s ]
ERR: 无法加载模块:Public

[ 2016-11-12T16:08:49+08:00 ] 127.0.0.1 /zyjbook/Public/Home/js/loginBase.js?v=20160222
INFO: [ app_init ] --START--
INFO: Run Behavior\BuildLiteBehavior [ RunTime:0.000000s ]
INFO: [ app_init ] --END-- [ RunTime:0.001000s ]
ERR: 无法加载模块:Public

[ 2016-11-12T16:08:49+08:00 ] 127.0.0.1 /zyjbook/Public/Home/js/jquery.js?v=20160222
INFO: [ app_init ] --START--
INFO: Run Behavior\BuildLiteBehavior [ RunTime:0.000000s ]
INFO: [ app_init ] --END-- [ RunTime:0.001000s ]
ERR: 无法加载模块:Public

[ 2016-11-12T16:08:49+08:00 ] 127.0.0.1 /zyjbook/Public/Home/js/Utility.js?v=20160222
INFO: [ app_init ] --START--
INFO: Run Behavior\BuildLiteBehavior [ RunTime:0.000000s ]
INFO: [ app_init ] --END-- [ RunTime:0.001000s ]
ERR: 无法加载模块:Public

[ 2016-11-12T16:08:50+08:00 ] 127.0.0.1 /zyjbook/Public/Home/js/RegV2.js?v=20160222
INFO: [ app_init ] --START--
INFO: Run Behavior\BuildLiteBehavior [ RunTime:0.000000s ]
INFO: [ app_init ] --END-- [ RunTime:0.002000s ]
ERR: 无法加载模块:Public

[ 2016-11-12T16:08:50+08:00 ] 127.0.0.1 /zyjbook/Public/Home/js/common.js?v=20160222
INFO: [ app_init ] --START--
INFO: Run Behavior\BuildLiteBehavior [ RunTime:0.001000s ]
INFO: [ app_init ] --END-- [ RunTime:0.010000s ]
ERR: 无法加载模块:Public

[ 2016-11-12T16:08:50+08:00 ] 127.0.0.1 /zyjbook/Public/Home/js/jquery.js?v=20160222
INFO: [ app_init ] --START--
INFO: Run Behavior\BuildLiteBehavior [ RunTime:0.000000s ]
INFO: [ app_init ] --END-- [ RunTime:0.001000s ]
ERR: 无法加载模块:Public

[ 2016-11-12T16:08:50+08:00 ] 127.0.0.1 /zyjbook/Public/Home/js/Utility.js?v=20160222
INFO: [ app_init ] --START--
INFO: Run Behavior\BuildLiteBehavior [ RunTime:0.000000s ]
INFO: [ app_init ] --END-- [ RunTime:0.001000s ]
ERR: 无法加载模块:Public

[ 2016-11-12T16:08:50+08:00 ] 127.0.0.1 /zyjbook/Public/Home/js/common.js?v=20160222
INFO: [ app_init ] --START--
INFO: Run Behavior\BuildLiteBehavior [ RunTime:0.000000s ]
INFO: [ app_init ] --END-- [ RunTime:0.001000s ]
ERR: 无法加载模块:Public

[ 2016-11-12T16:08:50+08:00 ] 127.0.0.1 /zyjbook/Public/Home/js/RegV2.js?v=20160222
INFO: [ app_init ] --START--
INFO: Run Behavior\BuildLiteBehavior [ RunTime:0.000000s ]
INFO: [ app_init ] --END-- [ RunTime:0.001000s ]
ERR: 无法加载模块:Public

[ 2016-11-12T16:13:08+08:00 ] 127.0.0.1 /zyjbook/Public/Home/js/loginBase.js?v=20160222
INFO: [ app_init ] --START--
INFO: Run Behavior\BuildLiteBehavior [ RunTime:0.000000s ]
INFO: [ app_init ] --END-- [ RunTime:0.001000s ]
ERR: 无法加载模块:Public

[ 2016-11-12T16:13:09+08:00 ] 127.0.0.1 /zyjbook/Public/Home/js/jquery.js?v=20160222
INFO: [ app_init ] --START--
INFO: Run Behavior\BuildLiteBehavior [ RunTime:0.000000s ]
INFO: [ app_init ] --END-- [ RunTime:0.001000s ]
ERR: 无法加载模块:Public

[ 2016-11-12T16:13:09+08:00 ] 127.0.0.1 /zyjbook/Public/Home/js/Utility.js?v=20160222
INFO: [ app_init ] --START--
INFO: Run Behavior\BuildLiteBehavior [ RunTime:0.000000s ]
INFO: [ app_init ] --END-- [ RunTime:0.001000s ]
ERR: 无法加载模块:Public

[ 2016-11-12T16:13:09+08:00 ] 127.0.0.1 /zyjbook/Public/Home/js/RegV2.js?v=20160222
INFO: [ app_init ] --START--
INFO: Run Behavior\BuildLiteBehavior [ RunTime:0.000000s ]
INFO: [ app_init ] --END-- [ RunTime:0.002000s ]
ERR: 无法加载模块:Public

[ 2016-11-12T16:13:09+08:00 ] 127.0.0.1 /zyjbook/Public/Home/js/common.js?v=20160222
INFO: [ app_init ] --START--
INFO: Run Behavior\BuildLiteBehavior [ RunTime:0.000000s ]
INFO: [ app_init ] --END-- [ RunTime:0.001000s ]
ERR: 无法加载模块:Public

[ 2016-11-12T16:13:10+08:00 ] 127.0.0.1 /zyjbook/Public/Home/js/Utility.js?v=20160222
INFO: [ app_init ] --START--
INFO: Run Behavior\BuildLiteBehavior [ RunTime:0.000000s ]
INFO: [ app_init ] --END-- [ RunTime:0.001000s ]
ERR: 无法加载模块:Public

[ 2016-11-12T16:13:10+08:00 ] 127.0.0.1 /zyjbook/Public/Home/js/common.js?v=20160222
INFO: [ app_init ] --START--
INFO: Run Behavior\BuildLiteBehavior [ RunTime:0.000000s ]
INFO: [ app_init ] --END-- [ RunTime:0.001000s ]
ERR: 无法加载模块:Public

[ 2016-11-12T16:13:10+08:00 ] 127.0.0.1 /zyjbook/Public/Home/js/RegV2.js?v=20160222
INFO: [ app_init ] --START--
INFO: Run Behavior\BuildLiteBehavior [ RunTime:0.000000s ]
INFO: [ app_init ] --END-- [ RunTime:0.004000s ]
ERR: 无法加载模块:Public

[ 2016-11-12T16:13:28+08:00 ] 127.0.0.1 /zyjbook/Public/Home/js/loginBase.js?v=20160222
INFO: [ app_init ] --START--
INFO: Run Behavior\BuildLiteBehavior [ RunTime:0.000000s ]
INFO: [ app_init ] --END-- [ RunTime:0.001000s ]
ERR: 无法加载模块:Public

[ 2016-11-12T16:13:28+08:00 ] 127.0.0.1 /zyjbook/Public/Home/js/jquery.js?v=20160222
INFO: [ app_init ] --START--
INFO: Run Behavior\BuildLiteBehavior [ RunTime:0.000000s ]
INFO: [ app_init ] --END-- [ RunTime:0.001000s ]
ERR: 无法加载模块:Public

[ 2016-11-12T16:13:28+08:00 ] 127.0.0.1 /zyjbook/Public/Home/js/Utility.js?v=20160222
INFO: [ app_init ] --START--
INFO: Run Behavior\BuildLiteBehavior [ RunTime:0.001000s ]
INFO: [ app_init ] --END-- [ RunTime:0.001000s ]
ERR: 无法加载模块:Public

[ 2016-11-12T16:13:28+08:00 ] 127.0.0.1 /zyjbook/Public/Home/js/common.js?v=20160222
INFO: [ app_init ] --START--
INFO: Run Behavior\BuildLiteBehavior [ RunTime:0.000000s ]
INFO: [ app_init ] --END-- [ RunTime:0.001000s ]
ERR: 无法加载模块:Public

[ 2016-11-12T16:13:28+08:00 ] 127.0.0.1 /zyjbook/Public/Home/js/RegV2.js?v=20160222
INFO: [ app_init ] --START--
INFO: Run Behavior\BuildLiteBehavior [ RunTime:0.000000s ]
INFO: [ app_init ] --END-- [ RunTime:0.002000s ]
ERR: 无法加载模块:Public

[ 2016-11-12T16:13:28+08:00 ] 127.0.0.1 /zyjbook/Public/Home/js/jquery.js?v=20160222
INFO: [ app_init ] --START--
INFO: Run Behavior\BuildLiteBehavior [ RunTime:0.000000s ]
INFO: [ app_init ] --END-- [ RunTime:0.002000s ]
ERR: 无法加载模块:Public

[ 2016-11-12T16:13:28+08:00 ] 127.0.0.1 /zyjbook/Public/Home/js/Utility.js?v=20160222
INFO: [ app_init ] --START--
INFO: Run Behavior\BuildLiteBehavior [ RunTime:0.001000s ]
INFO: [ app_init ] --END-- [ RunTime:0.003000s ]
ERR: 无法加载模块:Public

[ 2016-11-12T16:13:28+08:00 ] 127.0.0.1 /zyjbook/Public/Home/js/common.js?v=20160222
INFO: [ app_init ] --START--
INFO: Run Behavior\BuildLiteBehavior [ RunTime:0.001000s ]
INFO: [ app_init ] --END-- [ RunTime:0.001000s ]
ERR: 无法加载模块:Public

[ 2016-11-12T16:13:28+08:00 ] 127.0.0.1 /zyjbook/Public/Home/js/RegV2.js?v=20160222
INFO: [ app_init ] --START--
INFO: Run Behavior\BuildLiteBehavior [ RunTime:0.000000s ]
INFO: [ app_init ] --END-- [ RunTime:0.002000s ]
ERR: 无法加载模块:Public

[ 2016-11-12T16:26:29+08:00 ] 127.0.0.1 /zyjbook/Public/home/css/bootstrap.min.css
INFO: [ app_init ] --START--
INFO: Run Behavior\BuildLiteBehavior [ RunTime:0.000000s ]
INFO: [ app_init ] --END-- [ RunTime:0.001000s ]
ERR: 无法加载模块:Public

[ 2016-11-12T16:26:29+08:00 ] 127.0.0.1 /zyjbook/Public/home/my.css
INFO: [ app_init ] --START--
INFO: Run Behavior\BuildLiteBehavior [ RunTime:0.000000s ]
INFO: [ app_init ] --END-- [ RunTime:0.002000s ]
ERR: 无法加载模块:Public

[ 2016-11-12T16:26:30+08:00 ] 127.0.0.1 /zyjbook/Public/home/js/holder.min.js
INFO: [ app_init ] --START--
INFO: Run Behavior\BuildLiteBehavior [ RunTime:0.000000s ]
INFO: [ app_init ] --END-- [ RunTime:0.002000s ]
ERR: 无法加载模块:Public

[ 2016-11-12T16:26:30+08:00 ] 127.0.0.1 /zyjbook/Public/home/js/bootstrap.min.js
INFO: [ app_init ] --START--
INFO: Run Behavior\BuildLiteBehavior [ RunTime:0.000000s ]
INFO: [ app_init ] --END-- [ RunTime:0.001000s ]
ERR: 无法加载模块:Public

[ 2016-11-12T16:26:30+08:00 ] 127.0.0.1 /zyjbook/Public/home/dis/images/1.png
INFO: [ app_init ] --START--
INFO: Run Behavior\BuildLiteBehavior [ RunTime:0.000000s ]
INFO: [ app_init ] --END-- [ RunTime:0.001000s ]
ERR: 无法加载模块:Public

[ 2016-11-12T16:26:30+08:00 ] 127.0.0.1 /zyjbook/Public/home/dis/images/3.png
INFO: [ app_init ] --START--
INFO: Run Behavior\BuildLiteBehavior [ RunTime:0.000000s ]
INFO: [ app_init ] --END-- [ RunTime:0.001000s ]
ERR: 无法加载模块:Public

[ 2016-11-12T16:26:30+08:00 ] 127.0.0.1 /zyjbook/Public/home/dis/images/4.png
INFO: [ app_init ] --START--
INFO: Run Behavior\BuildLiteBehavior [ RunTime:0.000000s ]
INFO: [ app_init ] --END-- [ RunTime:0.001000s ]
ERR: 无法加载模块:Public

[ 2016-11-12T16:26:30+08:00 ] 127.0.0.1 /zyjbook/Public/home/js/jquery.min.js
INFO: [ app_init ] --START--
INFO: Run Behavior\BuildLiteBehavior [ RunTime:0.000000s ]
INFO: [ app_init ] --END-- [ RunTime:0.001000s ]
ERR: 无法加载模块:Public

[ 2016-11-12T16:26:30+08:00 ] 127.0.0.1 /zyjbook/Public/home/dis/images/2.jpg
INFO: [ app_init ] --START--
INFO: Run Behavior\BuildLiteBehavior [ RunTime:0.000000s ]
INFO: [ app_init ] --END-- [ RunTime:0.002000s ]
ERR: 无法加载模块:Public

[ 2016-11-12T16:26:30+08:00 ] 127.0.0.1 /zyjbook/Public/home/js/jquery.min.js
INFO: [ app_init ] --START--
INFO: Run Behavior\BuildLiteBehavior [ RunTime:0.000000s ]
INFO: [ app_init ] --END-- [ RunTime:0.001000s ]
ERR: 无法加载模块:Public

[ 2016-11-12T16:26:30+08:00 ] 127.0.0.1 /zyjbook/Public/home/js/holder.min.js
INFO: [ app_init ] --START--
INFO: Run Behavior\BuildLiteBehavior [ RunTime:0.000000s ]
INFO: [ app_init ] --END-- [ RunTime:0.001000s ]
ERR: 无法加载模块:Public

[ 2016-11-12T16:26:30+08:00 ] 127.0.0.1 /zyjbook/Public/home/js/bootstrap.min.js
INFO: [ app_init ] --START--
INFO: Run Behavior\BuildLiteBehavior [ RunTime:0.000000s ]
INFO: [ app_init ] --END-- [ RunTime:0.001000s ]
ERR: 无法加载模块:Public

[ 2016-11-12T16:27:59+08:00 ] 127.0.0.1 /zyjbook/Public/Home/js/loginBase.js?v=20160222
INFO: [ app_init ] --START--
INFO: Run Behavior\BuildLiteBehavior [ RunTime:0.000000s ]
INFO: [ app_init ] --END-- [ RunTime:0.003000s ]
ERR: 无法加载模块:Public

[ 2016-11-12T16:27:59+08:00 ] 127.0.0.1 /zyjbook/Public/Home/js/jquery.js?v=20160222
INFO: [ app_init ] --START--
INFO: Run Behavior\BuildLiteBehavior [ RunTime:0.000000s ]
INFO: [ app_init ] --END-- [ RunTime:0.001000s ]
ERR: 无法加载模块:Public

[ 2016-11-12T16:27:59+08:00 ] 127.0.0.1 /zyjbook/Public/Home/js/Utility.js?v=20160222
INFO: [ app_init ] --START--
INFO: Run Behavior\BuildLiteBehavior [ RunTime:0.000000s ]
INFO: [ app_init ] --END-- [ RunTime:0.002000s ]
ERR: 无法加载模块:Public

[ 2016-11-12T16:27:59+08:00 ] 127.0.0.1 /zyjbook/Public/Home/js/common.js?v=20160222
INFO: [ app_init ] --START--
INFO: Run Behavior\BuildLiteBehavior [ RunTime:0.000000s ]
INFO: [ app_init ] --END-- [ RunTime:0.001000s ]
ERR: 无法加载模块:Public

[ 2016-11-12T16:27:59+08:00 ] 127.0.0.1 /zyjbook/Public/Home/js/RegV2.js?v=20160222
INFO: [ app_init ] --START--
INFO: Run Behavior\BuildLiteBehavior [ RunTime:0.000000s ]
INFO: [ app_init ] --END-- [ RunTime:0.002000s ]
ERR: 无法加载模块:Public

[ 2016-11-12T16:27:59+08:00 ] 127.0.0.1 /zyjbook/Public/Home/js/common.js?v=20160222
INFO: [ app_init ] --START--
INFO: Run Behavior\BuildLiteBehavior [ RunTime:0.000000s ]
INFO: [ app_init ] --END-- [ RunTime:0.005001s ]
ERR: 无法加载模块:Public

[ 2016-11-12T16:27:59+08:00 ] 127.0.0.1 /zyjbook/Public/Home/js/RegV2.js?v=20160222
INFO: [ app_init ] --START--
INFO: Run Behavior\BuildLiteBehavior [ RunTime:0.000000s ]
INFO: [ app_init ] --END-- [ RunTime:0.002000s ]
ERR: 无法加载模块:Public

[ 2016-11-12T16:39:53+08:00 ] 127.0.0.1 /zyjbook/Public/Home/js/loginBase.js?v=20160222
INFO: [ app_init ] --START--
INFO: Run Behavior\BuildLiteBehavior [ RunTime:0.000000s ]
INFO: [ app_init ] --END-- [ RunTime:0.001000s ]
ERR: 无法加载模块:Public

[ 2016-11-12T16:39:53+08:00 ] 127.0.0.1 /zyjbook/Public/Home/js/common.js?v=20160222
INFO: [ app_init ] --START--
INFO: Run Behavior\BuildLiteBehavior [ RunTime:0.000000s ]
INFO: [ app_init ] --END-- [ RunTime:0.001000s ]
ERR: 无法加载模块:Public

[ 2016-11-12T16:39:53+08:00 ] 127.0.0.1 /zyjbook/Public/Home/js/Utility.js?v=20160222
INFO: [ app_init ] --START--
INFO: Run Behavior\BuildLiteBehavior [ RunTime:0.000000s ]
INFO: [ app_init ] --END-- [ RunTime:0.001000s ]
ERR: 无法加载模块:Public

[ 2016-11-12T16:39:53+08:00 ] 127.0.0.1 /zyjbook/Public/Home/js/RegV2.js?v=20160222
INFO: [ app_init ] --START--
INFO: Run Behavior\BuildLiteBehavior [ RunTime:0.000000s ]
INFO: [ app_init ] --END-- [ RunTime:0.002000s ]
ERR: 无法加载模块:Public

[ 2016-11-12T16:39:53+08:00 ] 127.0.0.1 /zyjbook/Public/Home/js/jquery.js?v=20160222
INFO: [ app_init ] --START--
INFO: Run Behavior\BuildLiteBehavior [ RunTime:0.000000s ]
INFO: [ app_init ] --END-- [ RunTime:0.002000s ]
ERR: 无法加载模块:Public

[ 2016-11-12T16:39:53+08:00 ] 127.0.0.1 /zyjbook/Public/Home/js/Utility.js?v=20160222
INFO: [ app_init ] --START--
INFO: Run Behavior\BuildLiteBehavior [ RunTime:0.001000s ]
INFO: [ app_init ] --END-- [ RunTime:0.002000s ]
ERR: 无法加载模块:Public

[ 2016-11-12T16:39:53+08:00 ] 127.0.0.1 /zyjbook/Public/Home/js/common.js?v=20160222
INFO: [ app_init ] --START--
INFO: Run Behavior\BuildLiteBehavior [ RunTime:0.000000s ]
INFO: [ app_init ] --END-- [ RunTime:0.001000s ]
ERR: 无法加载模块:Public

[ 2016-11-12T16:39:53+08:00 ] 127.0.0.1 /zyjbook/Public/Home/js/RegV2.js?v=20160222
INFO: [ app_init ] --START--
INFO: Run Behavior\BuildLiteBehavior [ RunTime:0.001000s ]
INFO: [ app_init ] --END-- [ RunTime:0.002000s ]
ERR: 无法加载模块:Public

[ 2016-11-12T16:42:35+08:00 ] 127.0.0.1 /zyjbook/Public/Home/js/jquery.js?v=20160222
INFO: [ app_init ] --START--
INFO: Run Behavior\BuildLiteBehavior [ RunTime:0.000000s ]
INFO: [ app_init ] --END-- [ RunTime:0.001000s ]
ERR: 无法加载模块:Public

[ 2016-11-12T16:42:35+08:00 ] 127.0.0.1 /zyjbook/Public/Home/js/Utility.js?v=20160222
INFO: [ app_init ] --START--
INFO: Run Behavior\BuildLiteBehavior [ RunTime:0.000000s ]
INFO: [ app_init ] --END-- [ RunTime:0.001000s ]
ERR: 无法加载模块:Public

[ 2016-11-12T16:42:35+08:00 ] 127.0.0.1 /zyjbook/Public/Home/js/jquery.js?v=20160222
INFO: [ app_init ] --START--
INFO: Run Behavior\BuildLiteBehavior [ RunTime:0.000000s ]
INFO: [ app_init ] --END-- [ RunTime:0.001000s ]
ERR: 无法加载模块:Public

[ 2016-11-12T16:42:35+08:00 ] 127.0.0.1 /zyjbook/Public/Home/js/common.js?v=20160222
INFO: [ app_init ] --START--
INFO: Run Behavior\BuildLiteBehavior [ RunTime:0.000000s ]
INFO: [ app_init ] --END-- [ RunTime:0.002000s ]
ERR: 无法加载模块:Public

[ 2016-11-12T16:42:35+08:00 ] 127.0.0.1 /zyjbook/Public/Home/js/loginBase.js?v=20160222
INFO: [ app_init ] --START--
INFO: Run Behavior\BuildLiteBehavior [ RunTime:0.000000s ]
INFO: [ app_init ] --END-- [ RunTime:0.011001s ]
ERR: 无法加载模块:Public

[ 2016-11-12T16:42:35+08:00 ] 127.0.0.1 /zyjbook/Public/Home/js/Utility.js?v=20160222
INFO: [ app_init ] --START--
INFO: Run Behavior\BuildLiteBehavior [ RunTime:0.000000s ]
INFO: [ app_init ] --END-- [ RunTime:0.002000s ]
ERR: 无法加载模块:Public

[ 2016-11-12T16:42:35+08:00 ] 127.0.0.1 /zyjbook/Public/Home/js/RegV2.js?v=20160222
INFO: [ app_init ] --START--
INFO: Run Behavior\BuildLiteBehavior [ RunTime:0.000000s ]
INFO: [ app_init ] --END-- [ RunTime:0.001000s ]
ERR: 无法加载模块:Public

[ 2016-11-12T16:42:35+08:00 ] 127.0.0.1 /zyjbook/Public/Home/js/common.js?v=20160222
INFO: [ app_init ] --START--
INFO: Run Behavior\BuildLiteBehavior [ RunTime:0.000000s ]
INFO: [ app_init ] --END-- [ RunTime:0.001000s ]
ERR: 无法加载模块:Public

[ 2016-11-12T16:42:35+08:00 ] 127.0.0.1 /zyjbook/Public/Home/js/RegV2.js?v=20160222
INFO: [ app_init ] --START--
INFO: Run Behavior\BuildLiteBehavior [ RunTime:0.000000s ]
INFO: [ app_init ] --END-- [ RunTime:0.004000s ]
ERR: 无法加载模块:Public

[ 2016-11-12T16:57:51+08:00 ] 127.0.0.1 /zyjbook/Public/Home/js/loginBase.js?v=20160222
INFO: [ app_init ] --START--
INFO: Run Behavior\BuildLiteBehavior [ RunTime:0.000000s ]
INFO: [ app_init ] --END-- [ RunTime:0.001000s ]
ERR: 无法加载模块:Public

[ 2016-11-12T16:57:52+08:00 ] 127.0.0.1 /zyjbook/Public/Home/js/jquery.js?v=20160222
INFO: [ app_init ] --START--
INFO: Run Behavior\BuildLiteBehavior [ RunTime:0.000000s ]
INFO: [ app_init ] --END-- [ RunTime:0.001000s ]
ERR: 无法加载模块:Public

[ 2016-11-12T16:57:52+08:00 ] 127.0.0.1 /zyjbook/Public/Home/js/Utility.js?v=20160222
INFO: [ app_init ] --START--
INFO: Run Behavior\BuildLiteBehavior [ RunTime:0.000000s ]
INFO: [ app_init ] --END-- [ RunTime:0.001000s ]
ERR: 无法加载模块:Public

[ 2016-11-12T16:57:52+08:00 ] 127.0.0.1 /zyjbook/Public/Home/js/RegV2.js?v=20160222
INFO: [ app_init ] --START--
INFO: Run Behavior\BuildLiteBehavior [ RunTime:0.000000s ]
INFO: [ app_init ] --END-- [ RunTime:0.006000s ]
ERR: 无法加载模块:Public

[ 2016-11-12T16:57:52+08:00 ] 127.0.0.1 /zyjbook/Public/Home/js/Utility.js?v=20160222
INFO: [ app_init ] --START--
INFO: Run Behavior\BuildLiteBehavior [ RunTime:0.000000s ]
INFO: [ app_init ] --END-- [ RunTime:0.001000s ]
ERR: 无法加载模块:Public

[ 2016-11-12T16:57:52+08:00 ] 127.0.0.1 /zyjbook/Public/Home/js/common.js?v=20160222
INFO: [ app_init ] --START--
INFO: Run Behavior\BuildLiteBehavior [ RunTime:0.000000s ]
INFO: [ app_init ] --END-- [ RunTime:0.002000s ]
ERR: 无法加载模块:Public

[ 2016-11-12T16:57:52+08:00 ] 127.0.0.1 /zyjbook/Public/Home/js/common.js?v=20160222
INFO: [ app_init ] --START--
INFO: Run Behavior\BuildLiteBehavior [ RunTime:0.000000s ]
INFO: [ app_init ] --END-- [ RunTime:0.001000s ]
ERR: 无法加载模块:Public

[ 2016-11-12T16:57:52+08:00 ] 127.0.0.1 /zyjbook/Public/Home/js/RegV2.js?v=20160222
INFO: [ app_init ] --START--
INFO: Run Behavior\BuildLiteBehavior [ RunTime:0.000000s ]
INFO: [ app_init ] --END-- [ RunTime:0.001000s ]
ERR: 无法加载模块:Public

[ 2016-11-12T16:58:55+08:00 ] 127.0.0.1 /zyjbook/Public/Home/js/common.js?v=20160222
INFO: [ app_init ] --START--
INFO: Run Behavior\BuildLiteBehavior [ RunTime:0.000000s ]
INFO: [ app_init ] --END-- [ RunTime:0.001000s ]
ERR: 无法加载模块:Public

[ 2016-11-12T16:58:55+08:00 ] 127.0.0.1 /zyjbook/Public/Home/js/loginBase.js?v=20160222
INFO: [ app_init ] --START--
INFO: Run Behavior\BuildLiteBehavior [ RunTime:0.000000s ]
INFO: [ app_init ] --END-- [ RunTime:0.001000s ]
ERR: 无法加载模块:Public

[ 2016-11-12T16:58:55+08:00 ] 127.0.0.1 /zyjbook/Public/Home/js/jquery.js?v=20160222
INFO: [ app_init ] --START--
INFO: Run Behavior\BuildLiteBehavior [ RunTime:0.000000s ]
INFO: [ app_init ] --END-- [ RunTime:0.001000s ]
ERR: 无法加载模块:Public

[ 2016-11-12T16:58:55+08:00 ] 127.0.0.1 /zyjbook/Public/Home/js/RegV2.js?v=20160222
INFO: [ app_init ] --START--
INFO: Run Behavior\BuildLiteBehavior [ RunTime:0.000000s ]
INFO: [ app_init ] --END-- [ RunTime:0.002000s ]
ERR: 无法加载模块:Public

[ 2016-11-12T16:58:55+08:00 ] 127.0.0.1 /zyjbook/Public/Home/js/Utility.js?v=20160222
INFO: [ app_init ] --START--
INFO: Run Behavior\BuildLiteBehavior [ RunTime:0.000000s ]
INFO: [ app_init ] --END-- [ RunTime:0.002000s ]
ERR: 无法加载模块:Public

[ 2016-11-12T16:58:55+08:00 ] 127.0.0.1 /zyjbook/Public/Home/js/jquery.js?v=20160222
INFO: [ app_init ] --START--
INFO: Run Behavior\BuildLiteBehavior [ RunTime:0.001000s ]
INFO: [ app_init ] --END-- [ RunTime:0.001000s ]
ERR: 无法加载模块:Public

[ 2016-11-12T16:58:55+08:00 ] 127.0.0.1 /zyjbook/Public/Home/js/Utility.js?v=20160222
INFO: [ app_init ] --START--
INFO: Run Behavior\BuildLiteBehavior [ RunTime:0.000000s ]
INFO: [ app_init ] --END-- [ RunTime:0.001000s ]
ERR: 无法加载模块:Public

[ 2016-11-12T16:58:55+08:00 ] 127.0.0.1 /zyjbook/Public/Home/js/common.js?v=20160222
INFO: [ app_init ] --START--
INFO: Run Behavior\BuildLiteBehavior [ RunTime:0.000000s ]
INFO: [ app_init ] --END-- [ RunTime:0.001000s ]
ERR: 无法加载模块:Public

[ 2016-11-12T16:58:55+08:00 ] 127.0.0.1 /zyjbook/Public/Home/js/RegV2.js?v=20160222
INFO: [ app_init ] --START--
INFO: Run Behavior\BuildLiteBehavior [ RunTime:0.000000s ]
INFO: [ app_init ] --END-- [ RunTime:0.002001s ]
ERR: 无法加载模块:Public

[ 2016-11-12T16:59:31+08:00 ] 127.0.0.1 /zyjbook/Public/Home/js/jquery.js?v=20160222
INFO: [ app_init ] --START--
INFO: Run Behavior\BuildLiteBehavior [ RunTime:0.000000s ]
INFO: [ app_init ] --END-- [ RunTime:0.001000s ]
ERR: 无法加载模块:Public

[ 2016-11-12T16:59:31+08:00 ] 127.0.0.1 /zyjbook/Public/Home/js/loginBase.js?v=20160222
INFO: [ app_init ] --START--
INFO: Run Behavior\BuildLiteBehavior [ RunTime:0.000000s ]
INFO: [ app_init ] --END-- [ RunTime:0.001000s ]
ERR: 无法加载模块:Public

[ 2016-11-12T16:59:31+08:00 ] 127.0.0.1 /zyjbook/Public/Home/js/RegV2.js?v=20160222
INFO: [ app_init ] --START--
INFO: Run Behavior\BuildLiteBehavior [ RunTime:0.000000s ]
INFO: [ app_init ] --END-- [ RunTime:0.002000s ]
ERR: 无法加载模块:Public

[ 2016-11-12T16:59:31+08:00 ] 127.0.0.1 /zyjbook/Public/Home/js/Utility.js?v=20160222
INFO: [ app_init ] --START--
INFO: Run Behavior\BuildLiteBehavior [ RunTime:0.000000s ]
INFO: [ app_init ] --END-- [ RunTime:0.001000s ]
ERR: 无法加载模块:Public

[ 2016-11-12T16:59:31+08:00 ] 127.0.0.1 /zyjbook/Public/Home/js/jquery.js?v=20160222
INFO: [ app_init ] --START--
INFO: Run Behavior\BuildLiteBehavior [ RunTime:0.000000s ]
INFO: [ app_init ] --END-- [ RunTime:0.001001s ]
ERR: 无法加载模块:Public

[ 2016-11-12T16:59:31+08:00 ] 127.0.0.1 /zyjbook/Public/Home/js/common.js?v=20160222
INFO: [ app_init ] --START--
INFO: Run Behavior\BuildLiteBehavior [ RunTime:0.000000s ]
INFO: [ app_init ] --END-- [ RunTime:0.002001s ]
ERR: 无法加载模块:Public

[ 2016-11-12T16:59:31+08:00 ] 127.0.0.1 /zyjbook/Public/Home/js/Utility.js?v=20160222
INFO: [ app_init ] --START--
INFO: Run Behavior\BuildLiteBehavior [ RunTime:0.000000s ]
INFO: [ app_init ] --END-- [ RunTime:0.006000s ]
ERR: 无法加载模块:Public

[ 2016-11-12T16:59:31+08:00 ] 127.0.0.1 /zyjbook/Public/Home/js/common.js?v=20160222
INFO: [ app_init ] --START--
INFO: Run Behavior\BuildLiteBehavior [ RunTime:0.000000s ]
INFO: [ app_init ] --END-- [ RunTime:0.001000s ]
ERR: 无法加载模块:Public

[ 2016-11-12T16:59:31+08:00 ] 127.0.0.1 /zyjbook/Public/Home/js/RegV2.js?v=20160222
INFO: [ app_init ] --START--
INFO: Run Behavior\BuildLiteBehavior [ RunTime:0.000000s ]
INFO: [ app_init ] --END-- [ RunTime:0.002000s ]
ERR: 无法加载模块:Public

[ 2016-11-12T16:59:36+08:00 ] 127.0.0.1 /zyjbook/Public/Home/js/loginBase.js?v=20160222
INFO: [ app_init ] --START--
INFO: Run Behavior\BuildLiteBehavior [ RunTime:0.000000s ]
INFO: [ app_init ] --END-- [ RunTime:0.020001s ]
ERR: 无法加载模块:Public

[ 2016-11-12T16:59:36+08:00 ] 127.0.0.1 /zyjbook/Public/Home/js/jquery.js?v=20160222
INFO: [ app_init ] --START--
INFO: Run Behavior\BuildLiteBehavior [ RunTime:0.000000s ]
INFO: [ app_init ] --END-- [ RunTime:0.001001s ]
ERR: 无法加载模块:Public

[ 2016-11-12T16:59:36+08:00 ] 127.0.0.1 /zyjbook/Public/Home/js/RegV2.js?v=20160222
INFO: [ app_init ] --START--
INFO: Run Behavior\BuildLiteBehavior [ RunTime:0.000000s ]
INFO: [ app_init ] --END-- [ RunTime:0.001000s ]
ERR: 无法加载模块:Public

[ 2016-11-12T16:59:36+08:00 ] 127.0.0.1 /zyjbook/Public/Home/js/Utility.js?v=20160222
INFO: [ app_init ] --START--
INFO: Run Behavior\BuildLiteBehavior [ RunTime:0.000000s ]
INFO: [ app_init ] --END-- [ RunTime:0.001001s ]
ERR: 无法加载模块:Public

[ 2016-11-12T16:59:36+08:00 ] 127.0.0.1 /zyjbook/Public/Home/js/common.js?v=20160222
INFO: [ app_init ] --START--
INFO: Run Behavior\BuildLiteBehavior [ RunTime:0.000000s ]
INFO: [ app_init ] --END-- [ RunTime:0.001000s ]
ERR: 无法加载模块:Public

[ 2016-11-12T16:59:36+08:00 ] 127.0.0.1 /zyjbook/Public/Home/js/common.js?v=20160222
INFO: [ app_init ] --START--
INFO: Run Behavior\BuildLiteBehavior [ RunTime:0.000000s ]
INFO: [ app_init ] --END-- [ RunTime:0.001000s ]
ERR: 无法加载模块:Public

[ 2016-11-12T16:59:36+08:00 ] 127.0.0.1 /zyjbook/Public/Home/js/RegV2.js?v=20160222
INFO: [ app_init ] --START--
INFO: Run Behavior\BuildLiteBehavior [ RunTime:0.000000s ]
INFO: [ app_init ] --END-- [ RunTime:0.001000s ]
ERR: 无法加载模块:Public

[ 2016-11-12T17:06:17+08:00 ] 127.0.0.1 /zyjbook/Public/Home/js/Utility.js?v=20160222
INFO: [ app_init ] --START--
INFO: Run Behavior\BuildLiteBehavior [ RunTime:0.000000s ]
INFO: [ app_init ] --END-- [ RunTime:0.002001s ]
ERR: 无法加载模块:Public

[ 2016-11-12T17:06:17+08:00 ] 127.0.0.1 /zyjbook/Public/Home/js/jquery.js?v=20160222
INFO: [ app_init ] --START--
INFO: Run Behavior\BuildLiteBehavior [ RunTime:0.001000s ]
INFO: [ app_init ] --END-- [ RunTime:0.002000s ]
ERR: 无法加载模块:Public

[ 2016-11-12T17:06:17+08:00 ] 127.0.0.1 /zyjbook/Public/Home/js/loginBase.js?v=20160222
INFO: [ app_init ] --START--
INFO: Run Behavior\BuildLiteBehavior [ RunTime:0.000000s ]
INFO: [ app_init ] --END-- [ RunTime:0.001001s ]
ERR: 无法加载模块:Public

[ 2016-11-12T17:06:17+08:00 ] 127.0.0.1 /zyjbook/Public/Home/js/common.js?v=20160222
INFO: [ app_init ] --START--
INFO: Run Behavior\BuildLiteBehavior [ RunTime:0.000000s ]
INFO: [ app_init ] --END-- [ RunTime:0.001000s ]
ERR: 无法加载模块:Public

[ 2016-11-12T17:06:17+08:00 ] 127.0.0.1 /zyjbook/Public/Home/js/jquery.js?v=20160222
INFO: [ app_init ] --START--
INFO: Run Behavior\BuildLiteBehavior [ RunTime:0.000000s ]
INFO: [ app_init ] --END-- [ RunTime:0.001000s ]
ERR: 无法加载模块:Public

[ 2016-11-12T17:06:17+08:00 ] 127.0.0.1 /zyjbook/Public/Home/js/RegV2.js?v=20160222
INFO: [ app_init ] --START--
INFO: Run Behavior\BuildLiteBehavior [ RunTime:0.000000s ]
INFO: [ app_init ] --END-- [ RunTime:0.001000s ]
ERR: 无法加载模块:Public

[ 2016-11-12T17:06:17+08:00 ] 127.0.0.1 /zyjbook/Public/Home/js/Utility.js?v=20160222
INFO: [ app_init ] --START--
INFO: Run Behavior\BuildLiteBehavior [ RunTime:0.000000s ]
INFO: [ app_init ] --END-- [ RunTime:0.001001s ]
ERR: 无法加载模块:Public

[ 2016-11-12T17:06:17+08:00 ] 127.0.0.1 /zyjbook/Public/Home/js/common.js?v=20160222
INFO: [ app_init ] --START--
INFO: Run Behavior\BuildLiteBehavior [ RunTime:0.000000s ]
INFO: [ app_init ] --END-- [ RunTime:0.001001s ]
ERR: 无法加载模块:Public

[ 2016-11-12T17:06:17+08:00 ] 127.0.0.1 /zyjbook/Public/Home/js/RegV2.js?v=20160222
INFO: [ app_init ] --START--
INFO: Run Behavior\BuildLiteBehavior [ RunTime:0.000000s ]
INFO: [ app_init ] --END-- [ RunTime:0.001000s ]
ERR: 无法加载模块:Public

[ 2016-11-12T17:06:30+08:00 ] 127.0.0.1 /zyjbook/Public/Home/js/loginBase.js?v=20160222
INFO: [ app_init ] --START--
INFO: Run Behavior\BuildLiteBehavior [ RunTime:0.000000s ]
INFO: [ app_init ] --END-- [ RunTime:0.001000s ]
ERR: 无法加载模块:Public

[ 2016-11-12T17:06:30+08:00 ] 127.0.0.1 /zyjbook/Public/Home/js/Utility.js?v=20160222
INFO: [ app_init ] --START--
INFO: Run Behavior\BuildLiteBehavior [ RunTime:0.000000s ]
INFO: [ app_init ] --END-- [ RunTime:0.002000s ]
ERR: 无法加载模块:Public

[ 2016-11-12T17:06:30+08:00 ] 127.0.0.1 /zyjbook/Public/Home/js/jquery.js?v=20160222
INFO: [ app_init ] --START--
INFO: Run Behavior\BuildLiteBehavior [ RunTime:0.001000s ]
INFO: [ app_init ] --END-- [ RunTime:0.001000s ]
ERR: 无法加载模块:Public

[ 2016-11-12T17:06:30+08:00 ] 127.0.0.1 /zyjbook/Public/Home/js/common.js?v=20160222
INFO: [ app_init ] --START--
INFO: Run Behavior\BuildLiteBehavior [ RunTime:0.000000s ]
INFO: [ app_init ] --END-- [ RunTime:0.001000s ]
ERR: 无法加载模块:Public

[ 2016-11-12T17:06:30+08:00 ] 127.0.0.1 /zyjbook/Public/Home/js/Utility.js?v=20160222
INFO: [ app_init ] --START--
INFO: Run Behavior\BuildLiteBehavior [ RunTime:0.000000s ]
INFO: [ app_init ] --END-- [ RunTime:0.003000s ]
ERR: 无法加载模块:Public

[ 2016-11-12T17:06:30+08:00 ] 127.0.0.1 /zyjbook/Public/Home/js/RegV2.js?v=20160222
INFO: [ app_init ] --START--
INFO: Run Behavior\BuildLiteBehavior [ RunTime:0.001000s ]
INFO: [ app_init ] --END-- [ RunTime:0.002000s ]
ERR: 无法加载模块:Public

[ 2016-11-12T17:06:30+08:00 ] 127.0.0.1 /zyjbook/Public/Home/js/common.js?v=20160222
INFO: [ app_init ] --START--
INFO: Run Behavior\BuildLiteBehavior [ RunTime:0.000000s ]
INFO: [ app_init ] --END-- [ RunTime:0.002000s ]
ERR: 无法加载模块:Public

[ 2016-11-12T17:06:31+08:00 ] 127.0.0.1 /zyjbook/Public/Home/js/RegV2.js?v=20160222
INFO: [ app_init ] --START--
INFO: Run Behavior\BuildLiteBehavior [ RunTime:0.000000s ]
INFO: [ app_init ] --END-- [ RunTime:0.001000s ]
ERR: 无法加载模块:Public

